<?xml version="1.0" encoding="UTF-8"?>
<!-- Generated by org.testng.reporters.JUnitReportReporter -->
<testsuite hostname="AMALITECH-PC-10186" failures="0" tests="1" name="testcases.first" time="5.776" errors="0" timestamp="2023-08-03T15:54:46 GMT" skipped="0">
  <testcase classname="testcases.first" name="first" time="5.776"/>
  <system-out/>
</testsuite> <!-- testcases.first -->
