<?xml version="1.0" encoding="UTF-8"?>
<!-- Generated by org.testng.reporters.JUnitReportReporter -->
<testsuite hostname="AMALITECH-PC-10186" failures="0" tests="4" name="testcases.Laptops" time="21.108" errors="0" timestamp="2023-08-07T15:32:18 GMT" skipped="0">
  <testcase classname="testcases.Laptops" name="laptopSection" time="3.708"/>
  <system-out/>
  <testcase classname="testcases.Laptops" name="negativetiveLoginTest" time="4.588"/>
  <system-out/>
  <testcase classname="testcases.Laptops" name="positiveLoginTest" time="7.921"/>
  <system-out/>
  <testcase classname="testcases.Laptops" name="LoginCancelTest" time="4.891"/>
  <system-out/>
</testsuite> <!-- testcases.Laptops -->
