<?xml version="1.0" encoding="UTF-8"?>
<!-- Generated by org.testng.reporters.JUnitReportReporter -->
<testsuite hostname="AMALITECH-PC-10186" failures="0" tests="3" name="testcases.Login" time="17.955" errors="0" timestamp="2023-08-07T12:45:35 GMT" skipped="0">
  <testcase classname="testcases.Login" name="positiveLoginTest" time="5.312"/>
  <system-out/>
  <testcase classname="testcases.Login" name="negativetiveLoginTest" time="5.481"/>
  <system-out/>
  <testcase classname="testcases.Login" name="LoginCancelTest" time="7.162"/>
  <system-out/>
</testsuite> <!-- testcases.Login -->
